<?xml version="1.0" encoding="UTF-8"?>
<testng-results ignored="0" total="1" passed="1" failed="0" skipped="0">
  <reporter-output>
  </reporter-output>
  <suite started-at="2024-11-26T20:11:12 IST" name="Suite" finished-at="2024-11-26T20:11:47 IST" duration-ms="34961">
    <groups>
    </groups>
    <test started-at="2024-11-26T20:11:12 IST" name="Test" finished-at="2024-11-26T20:11:47 IST" duration-ms="34961">
      <class name="testcase.TC001_openpage">
        <test-method is-config="true" signature="setup()[pri:0, instance:testcase.TC001_openpage@117159c0]" started-at="2024-11-26T20:11:12 IST" name="setup" finished-at="2024-11-26T20:11:35 IST" duration-ms="22955" status="PASS">
          <reporter-output>
          </reporter-output>
        </test-method> <!-- setup -->
        <test-method signature="Regpagelnk()[pri:1, instance:testcase.TC001_openpage@117159c0]" started-at="2024-11-26T20:11:35 IST" name="Regpagelnk" finished-at="2024-11-26T20:11:42 IST" duration-ms="6707" status="PASS">
          <reporter-output>
          </reporter-output>
        </test-method> <!-- Regpagelnk -->
        <test-method is-config="true" signature="teardown()[pri:0, instance:testcase.TC001_openpage@117159c0]" started-at="2024-11-26T20:11:42 IST" name="teardown" finished-at="2024-11-26T20:11:47 IST" duration-ms="5229" status="PASS">
          <reporter-output>
          </reporter-output>
        </test-method> <!-- teardown -->
      </class> <!-- testcase.TC001_openpage -->
    </test> <!-- Test -->
  </suite> <!-- Suite -->
</testng-results>
