<?xml version="1.0" encoding="UTF-8"?>
<testng-results ignored="0" total="2" passed="2" failed="0" skipped="0">
  <reporter-output>
  </reporter-output>
  <suite started-at="2024-12-07T20:38:13 IST" name="Suite" finished-at="2024-12-07T20:38:39 IST" duration-ms="26133">
    <groups>
    </groups>
    <test started-at="2024-12-07T20:38:13 IST" name="Test" finished-at="2024-12-07T20:38:39 IST" duration-ms="26133">
      <class name="myproject.checkboxtest">
        <test-method signature="openweb()[pri:0, instance:myproject.checkboxtest@1b11171f]" started-at="2024-12-07T20:38:13 IST" name="openweb" finished-at="2024-12-07T20:38:20 IST" duration-ms="7138" status="PASS">
          <reporter-output>
          </reporter-output>
        </test-method> <!-- openweb -->
        <test-method signature="searitem()[pri:1, instance:myproject.checkboxtest@1b11171f]" started-at="2024-12-07T20:38:20 IST" name="searitem" finished-at="2024-12-07T20:38:39 IST" duration-ms="18700" status="PASS">
          <reporter-output>
          </reporter-output>
        </test-method> <!-- searitem -->
      </class> <!-- myproject.checkboxtest -->
    </test> <!-- Test -->
  </suite> <!-- Suite -->
</testng-results>
